<?xml version="1.0" encoding="UTF-8"?>
<testsuite name="me.machinemaker.advancements.adapters.StatisticMapAdapterTest" tests="2" skipped="0" failures="0" errors="0" timestamp="2022-02-03T03:19:31" hostname="jake-pc-manjaro" time="0.039">
  <properties/>
  <testcase name="testInvalidStatisticsMap()" classname="me.machinemaker.advancements.adapters.StatisticMapAdapterTest" time="0.006"/>
  <testcase name="testStatisticMap()" classname="me.machinemaker.advancements.adapters.StatisticMapAdapterTest" time="0.032"/>
  <system-out><![CDATA[]]></system-out>
  <system-err><![CDATA[]]></system-err>
</testsuite>
