<?xml version="1.0" encoding="UTF-8"?>
<testsuite name="me.machinemaker.advancements.ranges.DoubleRangeTest" tests="9" skipped="0" failures="0" errors="0" timestamp="2022-02-03T03:19:31" hostname="jake-pc-manjaro" time="0.009">
  <properties/>
  <testcase name="[1] 2.5" classname="me.machinemaker.advancements.ranges.DoubleRangeTest" time="0.001"/>
  <testcase name="[2] -65.32" classname="me.machinemaker.advancements.ranges.DoubleRangeTest" time="0.001"/>
  <testcase name="[1] 2.5" classname="me.machinemaker.advancements.ranges.DoubleRangeTest" time="0.0"/>
  <testcase name="[2] -65.32" classname="me.machinemaker.advancements.ranges.DoubleRangeTest" time="0.0"/>
  <testcase name="[1] 2.5" classname="me.machinemaker.advancements.ranges.DoubleRangeTest" time="0.001"/>
  <testcase name="[2] -65.32" classname="me.machinemaker.advancements.ranges.DoubleRangeTest" time="0.001"/>
  <testcase name="[1] 2.5" classname="me.machinemaker.advancements.ranges.DoubleRangeTest" time="0.001"/>
  <testcase name="[2] -65.32" classname="me.machinemaker.advancements.ranges.DoubleRangeTest" time="0.0"/>
  <testcase name="testAnyRange()" classname="me.machinemaker.advancements.ranges.DoubleRangeTest" time="0.0"/>
  <system-out><![CDATA[]]></system-out>
  <system-err><![CDATA[]]></system-err>
</testsuite>
