<?xml version="1.0" encoding="UTF-8"?>
<testsuite name="me.machinemaker.advancements.adapters.KeyedAdapterTest" tests="12" skipped="0" failures="0" errors="0" timestamp="2022-02-03T03:19:31" hostname="jake-pc-manjaro" time="0.028">
  <properties/>
  <testcase name="[1] class org.bukkit.Material, [ANVIL, DIAMOND, CHEST]" classname="me.machinemaker.advancements.adapters.KeyedAdapterTest" time="0.001"/>
  <testcase name="[2] class org.bukkit.Fluid, [FLOWING_LAVA, WATER]" classname="me.machinemaker.advancements.adapters.KeyedAdapterTest" time="0.0"/>
  <testcase name="[3] class org.bukkit.block.Biome, [BADLANDS, BEACH]" classname="me.machinemaker.advancements.adapters.KeyedAdapterTest" time="0.001"/>
  <testcase name="[4] class org.bukkit.StructureType, [StructureType{name=endcity, cursor=RED_X}, StructureType{name=nether_fossil, cursor=RED_X}]" classname="me.machinemaker.advancements.adapters.KeyedAdapterTest" time="0.001"/>
  <testcase name="[5] class org.bukkit.enchantments.Enchantment, [Enchantment[minecraft:power, ARROW_DAMAGE], Enchantment[minecraft:sharpness, DAMAGE_ALL]]" classname="me.machinemaker.advancements.adapters.KeyedAdapterTest" time="0.001"/>
  <testcase name="[6] class org.bukkit.potion.PotionEffectType, [PotionEffectType[22, ABSORPTION], PotionEffectType[3, FAST_DIGGING]]" classname="me.machinemaker.advancements.adapters.KeyedAdapterTest" time="0.001"/>
  <testcase name="[1] class org.bukkit.Material, [ANVIL, DIAMOND, CHEST]" classname="me.machinemaker.advancements.adapters.KeyedAdapterTest" time="0.002"/>
  <testcase name="[2] class org.bukkit.Fluid, [FLOWING_LAVA, WATER]" classname="me.machinemaker.advancements.adapters.KeyedAdapterTest" time="0.002"/>
  <testcase name="[3] class org.bukkit.block.Biome, [BADLANDS, BEACH]" classname="me.machinemaker.advancements.adapters.KeyedAdapterTest" time="0.002"/>
  <testcase name="[4] class org.bukkit.StructureType, [StructureType{name=endcity, cursor=RED_X}, StructureType{name=nether_fossil, cursor=RED_X}]" classname="me.machinemaker.advancements.adapters.KeyedAdapterTest" time="0.001"/>
  <testcase name="[5] class org.bukkit.enchantments.Enchantment, [Enchantment[minecraft:power, ARROW_DAMAGE], Enchantment[minecraft:sharpness, DAMAGE_ALL]]" classname="me.machinemaker.advancements.adapters.KeyedAdapterTest" time="0.001"/>
  <testcase name="[6] class org.bukkit.potion.PotionEffectType, [PotionEffectType[22, ABSORPTION], PotionEffectType[3, FAST_DIGGING]]" classname="me.machinemaker.advancements.adapters.KeyedAdapterTest" time="0.001"/>
  <system-out><![CDATA[]]></system-out>
  <system-err><![CDATA[]]></system-err>
</testsuite>
