<?xml version="1.0" encoding="UTF-8"?>
<testsuite name="me.machinemaker.advancements.conditions.entity.AdvancementConditionTest" tests="2" skipped="0" failures="0" errors="0" timestamp="2022-10-30T08:46:05" hostname="Jakes-MBP.askey.com" time="0.008">
  <properties/>
  <testcase name="testAdvancementCriteriaCondition()" classname="me.machinemaker.advancements.conditions.entity.AdvancementConditionTest" time="0.006"/>
  <testcase name="testAdvancementDoneCondition()" classname="me.machinemaker.advancements.conditions.entity.AdvancementConditionTest" time="0.002"/>
  <system-out><![CDATA[]]></system-out>
  <system-err><![CDATA[]]></system-err>
</testsuite>
