<?xml version="1.0" encoding="UTF-8"?>
<testsuite name="me.machinemaker.advancements.adapters.StatisticMapAdapterTest" tests="2" skipped="0" failures="0" errors="0" timestamp="2022-10-30T08:46:05" hostname="Jakes-MBP.askey.com" time="0.031">
  <properties/>
  <testcase name="testInvalidStatisticsMap()" classname="me.machinemaker.advancements.adapters.StatisticMapAdapterTest" time="0.004"/>
  <testcase name="testStatisticMap()" classname="me.machinemaker.advancements.adapters.StatisticMapAdapterTest" time="0.027"/>
  <system-out><![CDATA[]]></system-out>
  <system-err><![CDATA[]]></system-err>
</testsuite>
