<?xml version="1.0" encoding="UTF-8"?>
<testsuite name="me.machinemaker.advancements.conditions.entity.PlayerConditionTest" tests="2" skipped="0" failures="0" errors="0" timestamp="2022-03-18T20:38:38" hostname="Jakes-MBP.attlocal.net" time="0.008">
  <properties/>
  <testcase name="testAnyPlayerCondition()" classname="me.machinemaker.advancements.conditions.entity.PlayerConditionTest" time="0.006"/>
  <testcase name="testPlayerCondition()" classname="me.machinemaker.advancements.conditions.entity.PlayerConditionTest" time="0.002"/>
  <system-out><![CDATA[]]></system-out>
  <system-err><![CDATA[]]></system-err>
</testsuite>
