<?xml version="1.0" encoding="UTF-8"?>
<testsuite name="me.machinemaker.advancements.conditions.effects.PotionEffectInstanceConditionTest" tests="2" skipped="0" failures="0" errors="0" timestamp="2022-10-30T08:46:05" hostname="Jakes-MBP.askey.com" time="0.002">
  <properties/>
  <testcase name="testPotionEffectInstanceCondition()" classname="me.machinemaker.advancements.conditions.effects.PotionEffectInstanceConditionTest" time="0.001"/>
  <testcase name="testAnyPotionEffectInstanceCondition()" classname="me.machinemaker.advancements.conditions.effects.PotionEffectInstanceConditionTest" time="0.0"/>
  <system-out><![CDATA[]]></system-out>
  <system-err><![CDATA[]]></system-err>
</testsuite>
