<?xml version="1.0" encoding="UTF-8"?>
<testsuite name="me.machinemaker.advancements.adapters.BaseTagAdapterTest" tests="8" skipped="0" failures="0" errors="0" timestamp="2022-10-30T08:46:02" hostname="Jakes-MBP.askey.com" time="0.043">
  <properties/>
  <testcase name="[1] class me.machinemaker.advancements.tags.BlockTag, [BlockTag[tag=Mock for Tag, hashCode: 1505123790], BlockTag[tag=Mock for Tag, hashCode: 327561535]]" classname="me.machinemaker.advancements.adapters.BaseTagAdapterTest" time="0.022"/>
  <testcase name="[2] class me.machinemaker.advancements.tags.FluidTag, [FluidTag[tag=Mock for Tag, hashCode: 686717934], FluidTag[tag=Mock for Tag, hashCode: 458890629]]" classname="me.machinemaker.advancements.adapters.BaseTagAdapterTest" time="0.0"/>
  <testcase name="[3] class me.machinemaker.advancements.tags.ItemTag, [ItemTag[tag=Mock for Tag, hashCode: 1416977881], ItemTag[tag=Mock for Tag, hashCode: 253722034]]" classname="me.machinemaker.advancements.adapters.BaseTagAdapterTest" time="0.002"/>
  <testcase name="[4] class me.machinemaker.advancements.tags.EntityTag, [EntityTag[tag=Mock for Tag, hashCode: 2084457242], EntityTag[tag=Mock for Tag, hashCode: 47925969]]" classname="me.machinemaker.advancements.adapters.BaseTagAdapterTest" time="0.001"/>
  <testcase name="[1] class me.machinemaker.advancements.tags.BlockTag, [BlockTag[tag=Mock for Tag, hashCode: 1505123790], BlockTag[tag=Mock for Tag, hashCode: 327561535]]" classname="me.machinemaker.advancements.adapters.BaseTagAdapterTest" time="0.005"/>
  <testcase name="[2] class me.machinemaker.advancements.tags.FluidTag, [FluidTag[tag=Mock for Tag, hashCode: 686717934], FluidTag[tag=Mock for Tag, hashCode: 458890629]]" classname="me.machinemaker.advancements.adapters.BaseTagAdapterTest" time="0.001"/>
  <testcase name="[3] class me.machinemaker.advancements.tags.ItemTag, [ItemTag[tag=Mock for Tag, hashCode: 1416977881], ItemTag[tag=Mock for Tag, hashCode: 253722034]]" classname="me.machinemaker.advancements.adapters.BaseTagAdapterTest" time="0.001"/>
  <testcase name="[4] class me.machinemaker.advancements.tags.EntityTag, [EntityTag[tag=Mock for Tag, hashCode: 2084457242], EntityTag[tag=Mock for Tag, hashCode: 47925969]]" classname="me.machinemaker.advancements.adapters.BaseTagAdapterTest" time="0.001"/>
  <system-out><![CDATA[]]></system-out>
  <system-err><![CDATA[Oct 30, 2022 1:45:55 AM org.bukkit.Bukkit setServer
INFO: This server is running DummyServer version DummyServer (Implementing API version DummyServer) (Git: null on null)
]]></system-err>
</testsuite>
