<?xml version="1.0" encoding="UTF-8"?>
<testsuite name="me.machinemaker.advancements.conditions.blocks.LightConditionTest" tests="5" skipped="0" failures="0" errors="0" timestamp="2022-03-18T20:38:38" hostname="Jakes-MBP.attlocal.net" time="0.004">
  <properties/>
  <testcase name="testAnyLightCondition()" classname="me.machinemaker.advancements.conditions.blocks.LightConditionTest" time="0.001"/>
  <testcase name="[1] IntegerRange[min=1858195720, max=1858195720]" classname="me.machinemaker.advancements.conditions.blocks.LightConditionTest" time="0.0"/>
  <testcase name="[2] IntegerRange[min=null, max=-2071160805]" classname="me.machinemaker.advancements.conditions.blocks.LightConditionTest" time="0.001"/>
  <testcase name="[3] IntegerRange[min=-893934062, max=null]" classname="me.machinemaker.advancements.conditions.blocks.LightConditionTest" time="0.0"/>
  <testcase name="[4] IntegerRange[min=606812328, max=1998583982]" classname="me.machinemaker.advancements.conditions.blocks.LightConditionTest" time="0.0"/>
  <system-out><![CDATA[]]></system-out>
  <system-err><![CDATA[]]></system-err>
</testsuite>
