<?xml version="1.0" encoding="UTF-8"?>
<testsuite name="me.machinemaker.advancements.conditions.entity.EntityTypeConditionTest" tests="3" skipped="0" failures="0" errors="0" timestamp="2022-02-03T03:19:31" hostname="jake-pc-manjaro" time="0.004">
  <properties/>
  <testcase name="testEntityTypeConditionType()" classname="me.machinemaker.advancements.conditions.entity.EntityTypeConditionTest" time="0.001"/>
  <testcase name="testAnyEntityTypeCondition()" classname="me.machinemaker.advancements.conditions.entity.EntityTypeConditionTest" time="0.0"/>
  <testcase name="testEntityTypeConditionTag()" classname="me.machinemaker.advancements.conditions.entity.EntityTypeConditionTest" time="0.002"/>
  <system-out><![CDATA[]]></system-out>
  <system-err><![CDATA[]]></system-err>
</testsuite>
