<?xml version="1.0" encoding="UTF-8"?>
<testsuite name="me.machinemaker.advancements.ranges.IntegerRangeTest" tests="8" skipped="0" failures="0" errors="0" timestamp="2022-10-30T08:46:05" hostname="Jakes-MBP.askey.com" time="0.004">
  <properties/>
  <testcase name="[1] 32" classname="me.machinemaker.advancements.ranges.IntegerRangeTest" time="0.0"/>
  <testcase name="[2] -6503" classname="me.machinemaker.advancements.ranges.IntegerRangeTest" time="0.001"/>
  <testcase name="[1] 32" classname="me.machinemaker.advancements.ranges.IntegerRangeTest" time="0.0"/>
  <testcase name="[2] -6503" classname="me.machinemaker.advancements.ranges.IntegerRangeTest" time="0.001"/>
  <testcase name="[1] 32" classname="me.machinemaker.advancements.ranges.IntegerRangeTest" time="0.0"/>
  <testcase name="[2] -6503" classname="me.machinemaker.advancements.ranges.IntegerRangeTest" time="0.0"/>
  <testcase name="[1] 32" classname="me.machinemaker.advancements.ranges.IntegerRangeTest" time="0.001"/>
  <testcase name="[2] -6503" classname="me.machinemaker.advancements.ranges.IntegerRangeTest" time="0.0"/>
  <system-out><![CDATA[]]></system-out>
  <system-err><![CDATA[]]></system-err>
</testsuite>
