<?xml version="1.0" encoding="UTF-8"?>
<testsuite name="me.machinemaker.advancements.conditions.entity.EntityEquipmentConditionTest" tests="2" skipped="0" failures="0" errors="0" timestamp="2022-03-18T20:38:38" hostname="Jakes-MBP.attlocal.net" time="0.004">
  <properties/>
  <testcase name="testEntityEquipmentConditionTestSingle()" classname="me.machinemaker.advancements.conditions.entity.EntityEquipmentConditionTest" time="0.003"/>
  <testcase name="testEntityEquipmentConditionMultiple()" classname="me.machinemaker.advancements.conditions.entity.EntityEquipmentConditionTest" time="0.001"/>
  <system-out><![CDATA[]]></system-out>
  <system-err><![CDATA[]]></system-err>
</testsuite>
