<?xml version="1.0" encoding="UTF-8"?>
<testsuite name="me.machinemaker.advancements.conditions.item.EnchantmentConditionTest" tests="4" skipped="0" failures="0" errors="0" timestamp="2022-10-30T08:46:05" hostname="Jakes-MBP.askey.com" time="0.004">
  <properties/>
  <testcase name="testMultipleEnchantmentConditions()" classname="me.machinemaker.advancements.conditions.item.EnchantmentConditionTest" time="0.002"/>
  <testcase name="testAnySingleEnchantmentCondition()" classname="me.machinemaker.advancements.conditions.item.EnchantmentConditionTest" time="0.0"/>
  <testcase name="testAnyMultipleEnchantmentConditions()" classname="me.machinemaker.advancements.conditions.item.EnchantmentConditionTest" time="0.001"/>
  <testcase name="testSingleEnchantmentCondition()" classname="me.machinemaker.advancements.conditions.item.EnchantmentConditionTest" time="0.0"/>
  <system-out><![CDATA[]]></system-out>
  <system-err><![CDATA[]]></system-err>
</testsuite>
