<?xml version="1.0" encoding="UTF-8"?>
<testsuite name="me.machinemaker.advancements.conditions.effects.PotionEffectInstanceConditionTest" tests="2" skipped="0" failures="0" errors="0" timestamp="2022-03-18T20:38:38" hostname="Jakes-MBP.attlocal.net" time="0.001">
  <properties/>
  <testcase name="testPotionEffectInstanceCondition()" classname="me.machinemaker.advancements.conditions.effects.PotionEffectInstanceConditionTest" time="0.001"/>
  <testcase name="testAnyPotionEffectInstanceCondition()" classname="me.machinemaker.advancements.conditions.effects.PotionEffectInstanceConditionTest" time="0.0"/>
  <system-out><![CDATA[]]></system-out>
  <system-err><![CDATA[]]></system-err>
</testsuite>
