<?xml version="1.0" encoding="UTF-8"?>
<testsuite name="me.machinemaker.advancements.conditions.blocks.FluidConditionTest" tests="3" skipped="0" failures="0" errors="0" timestamp="2022-02-03T03:19:31" hostname="jake-pc-manjaro" time="0.005">
  <properties/>
  <testcase name="testFluidConditionWithFluidTag()" classname="me.machinemaker.advancements.conditions.blocks.FluidConditionTest" time="0.004"/>
  <testcase name="testFluidConditionWithFluid()" classname="me.machinemaker.advancements.conditions.blocks.FluidConditionTest" time="0.0"/>
  <testcase name="testAnyFluidCondition()" classname="me.machinemaker.advancements.conditions.blocks.FluidConditionTest" time="0.0"/>
  <system-out><![CDATA[]]></system-out>
  <system-err><![CDATA[]]></system-err>
</testsuite>
