<?xml version="1.0" encoding="UTF-8"?>
<testsuite name="me.machinemaker.advancements.conditions.blocks.BlockConditionTest" tests="4" skipped="0" failures="0" errors="0" timestamp="2022-10-30T08:46:05" hostname="Jakes-MBP.askey.com" time="0.008">
  <properties/>
  <testcase name="testAnyBlockCondition()" classname="me.machinemaker.advancements.conditions.blocks.BlockConditionTest" time="0.005"/>
  <testcase name="testBlockConditionWithBlocks()" classname="me.machinemaker.advancements.conditions.blocks.BlockConditionTest" time="0.002"/>
  <testcase name="testBlockConditionWithBlockTag()" classname="me.machinemaker.advancements.conditions.blocks.BlockConditionTest" time="0.0"/>
  <testcase name="testBlockConditionWithBlocksFail()" classname="me.machinemaker.advancements.conditions.blocks.BlockConditionTest" time="0.0"/>
  <system-out><![CDATA[]]></system-out>
  <system-err><![CDATA[]]></system-err>
</testsuite>
