<?xml version="1.0" encoding="UTF-8"?>
<testsuite name="me.machinemaker.advancements.conditions.world.LocationConditionTest" tests="3" skipped="0" failures="0" errors="0" timestamp="2022-02-03T03:19:31" hostname="jake-pc-manjaro" time="0.242">
  <properties/>
  <testcase name="testLocationCondition()" classname="me.machinemaker.advancements.conditions.world.LocationConditionTest" time="0.003"/>
  <testcase name="testLocationConditionWithPositionAndWorld()" classname="me.machinemaker.advancements.conditions.world.LocationConditionTest" time="0.237"/>
  <testcase name="testAnyLocationCondition()" classname="me.machinemaker.advancements.conditions.world.LocationConditionTest" time="0.001"/>
  <system-out><![CDATA[]]></system-out>
  <system-err><![CDATA[]]></system-err>
</testsuite>
