<?xml version="1.0" encoding="UTF-8"?>
<testsuite name="me.machinemaker.advancements.conditions.item.EnchantmentConditionTest" tests="4" skipped="0" failures="0" errors="0" timestamp="2022-02-03T03:19:31" hostname="jake-pc-manjaro" time="0.006">
  <properties/>
  <testcase name="testMultipleEnchantmentConditions()" classname="me.machinemaker.advancements.conditions.item.EnchantmentConditionTest" time="0.002"/>
  <testcase name="testAnySingleEnchantmentCondition()" classname="me.machinemaker.advancements.conditions.item.EnchantmentConditionTest" time="0.001"/>
  <testcase name="testAnyMultipleEnchantmentConditions()" classname="me.machinemaker.advancements.conditions.item.EnchantmentConditionTest" time="0.002"/>
  <testcase name="testSingleEnchantmentCondition()" classname="me.machinemaker.advancements.conditions.item.EnchantmentConditionTest" time="0.001"/>
  <system-out><![CDATA[]]></system-out>
  <system-err><![CDATA[]]></system-err>
</testsuite>
