<?xml version="1.0" encoding="UTF-8"?>
<testsuite name="me.machinemaker.advancements.conditions.item.ItemConditionTest" tests="4" skipped="0" failures="0" errors="0" timestamp="2022-02-03T03:19:31" hostname="jake-pc-manjaro" time="0.009">
  <properties/>
  <testcase name="testItemConditionItems()" classname="me.machinemaker.advancements.conditions.item.ItemConditionTest" time="0.002"/>
  <testcase name="testItemConditionEnchantments()" classname="me.machinemaker.advancements.conditions.item.ItemConditionTest" time="0.004"/>
  <testcase name="testAnyItemCondition()" classname="me.machinemaker.advancements.conditions.item.ItemConditionTest" time="0.001"/>
  <testcase name="testItemConditionTag()" classname="me.machinemaker.advancements.conditions.item.ItemConditionTest" time="0.002"/>
  <system-out><![CDATA[]]></system-out>
  <system-err><![CDATA[]]></system-err>
</testsuite>
