<?xml version="1.0" encoding="UTF-8"?>
<testsuite name="me.machinemaker.advancements.adapters.StatisticMapAdapterTest" tests="2" skipped="0" failures="0" errors="0" timestamp="2022-03-18T20:38:38" hostname="Jakes-MBP.attlocal.net" time="0.018">
  <properties/>
  <testcase name="testInvalidStatisticsMap()" classname="me.machinemaker.advancements.adapters.StatisticMapAdapterTest" time="0.003"/>
  <testcase name="testStatisticMap()" classname="me.machinemaker.advancements.adapters.StatisticMapAdapterTest" time="0.015"/>
  <system-out><![CDATA[]]></system-out>
  <system-err><![CDATA[]]></system-err>
</testsuite>
