<?xml version="1.0" encoding="UTF-8"?>
<testsuite name="me.machinemaker.advancements.conditions.blocks.LightConditionTest" tests="5" skipped="0" failures="0" errors="0" timestamp="2022-02-03T03:19:31" hostname="jake-pc-manjaro" time="0.011">
  <properties/>
  <testcase name="testAnyLightCondition()" classname="me.machinemaker.advancements.conditions.blocks.LightConditionTest" time="0.001"/>
  <testcase name="[1] IntegerRange[min=964163914, max=964163914]" classname="me.machinemaker.advancements.conditions.blocks.LightConditionTest" time="0.003"/>
  <testcase name="[2] IntegerRange[min=null, max=106010465]" classname="me.machinemaker.advancements.conditions.blocks.LightConditionTest" time="0.001"/>
  <testcase name="[3] IntegerRange[min=-447572229, max=null]" classname="me.machinemaker.advancements.conditions.blocks.LightConditionTest" time="0.001"/>
  <testcase name="[4] IntegerRange[min=-1849163550, max=648551782]" classname="me.machinemaker.advancements.conditions.blocks.LightConditionTest" time="0.001"/>
  <system-out><![CDATA[]]></system-out>
  <system-err><![CDATA[]]></system-err>
</testsuite>
