<?xml version="1.0" encoding="UTF-8"?>
<testsuite name="me.machinemaker.advancements.conditions.entity.EntityFlagsConditionTest" tests="3" skipped="0" failures="0" errors="0" timestamp="2022-02-03T03:19:31" hostname="jake-pc-manjaro" time="0.004">
  <properties/>
  <testcase name="testEntityFlagsConditionMultiple()" classname="me.machinemaker.advancements.conditions.entity.EntityFlagsConditionTest" time="0.003"/>
  <testcase name="testAnyEntityFlagsCondition()" classname="me.machinemaker.advancements.conditions.entity.EntityFlagsConditionTest" time="0.001"/>
  <testcase name="testEntityFlagsConditionSingle()" classname="me.machinemaker.advancements.conditions.entity.EntityFlagsConditionTest" time="0.0"/>
  <system-out><![CDATA[]]></system-out>
  <system-err><![CDATA[]]></system-err>
</testsuite>
