<?xml version="1.0" encoding="UTF-8"?>
<testsuite name="me.machinemaker.advancements.conditions.world.LocationConditionTest" tests="3" skipped="0" failures="0" errors="0" timestamp="2022-10-30T08:46:05" hostname="Jakes-MBP.askey.com" time="0.119">
  <properties/>
  <testcase name="testLocationCondition()" classname="me.machinemaker.advancements.conditions.world.LocationConditionTest" time="0.004"/>
  <testcase name="testLocationConditionWithPositionAndWorld()" classname="me.machinemaker.advancements.conditions.world.LocationConditionTest" time="0.115"/>
  <testcase name="testAnyLocationCondition()" classname="me.machinemaker.advancements.conditions.world.LocationConditionTest" time="0.0"/>
  <system-out><![CDATA[]]></system-out>
  <system-err><![CDATA[]]></system-err>
</testsuite>
