<?xml version="1.0" encoding="UTF-8"?>
<testsuite name="me.machinemaker.advancements.conditions.blocks.LightConditionTest" tests="5" skipped="0" failures="0" errors="0" timestamp="2022-10-30T08:46:05" hostname="Jakes-MBP.askey.com" time="0.007">
  <properties/>
  <testcase name="testAnyLightCondition()" classname="me.machinemaker.advancements.conditions.blocks.LightConditionTest" time="0.001"/>
  <testcase name="[1] IntegerRange[min=1783904069, max=1783904069]" classname="me.machinemaker.advancements.conditions.blocks.LightConditionTest" time="0.001"/>
  <testcase name="[2] IntegerRange[min=null, max=1956440049]" classname="me.machinemaker.advancements.conditions.blocks.LightConditionTest" time="0.001"/>
  <testcase name="[3] IntegerRange[min=-998338992, max=null]" classname="me.machinemaker.advancements.conditions.blocks.LightConditionTest" time="0.001"/>
  <testcase name="[4] IntegerRange[min=-2023850142, max=-552973792]" classname="me.machinemaker.advancements.conditions.blocks.LightConditionTest" time="0.0"/>
  <system-out><![CDATA[]]></system-out>
  <system-err><![CDATA[]]></system-err>
</testsuite>
