<?xml version="1.0" encoding="UTF-8"?>
<testsuite name="me.machinemaker.advancements.conditions.effects.PotionEffectInstanceConditionTest" tests="2" skipped="0" failures="0" errors="0" timestamp="2022-02-03T03:19:31" hostname="jake-pc-manjaro" time="0.003">
  <properties/>
  <testcase name="testPotionEffectInstanceCondition()" classname="me.machinemaker.advancements.conditions.effects.PotionEffectInstanceConditionTest" time="0.002"/>
  <testcase name="testAnyPotionEffectInstanceCondition()" classname="me.machinemaker.advancements.conditions.effects.PotionEffectInstanceConditionTest" time="0.001"/>
  <system-out><![CDATA[]]></system-out>
  <system-err><![CDATA[]]></system-err>
</testsuite>
