<?xml version="1.0" encoding="UTF-8"?>
<testsuite name="me.machinemaker.advancements.conditions.misc.NBTConditionTest" tests="2" skipped="0" failures="0" errors="0" timestamp="2022-02-03T03:19:31" hostname="jake-pc-manjaro" time="0.034">
  <properties/>
  <testcase name="testAnyCondition()" classname="me.machinemaker.advancements.conditions.misc.NBTConditionTest" time="0.001"/>
  <testcase name="testCondition()" classname="me.machinemaker.advancements.conditions.misc.NBTConditionTest" time="0.033"/>
  <system-out><![CDATA[]]></system-out>
  <system-err><![CDATA[]]></system-err>
</testsuite>
