<?xml version="1.0" encoding="UTF-8"?>
<testsuite name="me.machinemaker.advancements.adapters.GameModeAdapterTest" tests="5" skipped="0" failures="0" errors="0" timestamp="2022-02-03T03:19:31" hostname="jake-pc-manjaro" time="0.012">
  <properties/>
  <testcase name="testNull()" classname="me.machinemaker.advancements.adapters.GameModeAdapterTest" time="0.004"/>
  <testcase name="[1] creative" classname="me.machinemaker.advancements.adapters.GameModeAdapterTest" time="0.001"/>
  <testcase name="[2] survival" classname="me.machinemaker.advancements.adapters.GameModeAdapterTest" time="0.0"/>
  <testcase name="[3] spectator" classname="me.machinemaker.advancements.adapters.GameModeAdapterTest" time="0.001"/>
  <testcase name="[4] adventure" classname="me.machinemaker.advancements.adapters.GameModeAdapterTest" time="0.0"/>
  <system-out><![CDATA[]]></system-out>
  <system-err><![CDATA[]]></system-err>
</testsuite>
