<?xml version="1.0" encoding="UTF-8"?>
<testsuite name="me.machinemaker.advancements.conditions.entity.EntityEquipmentConditionTest" tests="2" skipped="0" failures="0" errors="0" timestamp="2022-02-03T03:19:31" hostname="jake-pc-manjaro" time="0.008">
  <properties/>
  <testcase name="testEntityEquipmentConditionTestSingle()" classname="me.machinemaker.advancements.conditions.entity.EntityEquipmentConditionTest" time="0.006"/>
  <testcase name="testEntityEquipmentConditionMultiple()" classname="me.machinemaker.advancements.conditions.entity.EntityEquipmentConditionTest" time="0.002"/>
  <system-out><![CDATA[]]></system-out>
  <system-err><![CDATA[]]></system-err>
</testsuite>
