<?xml version="1.0" encoding="UTF-8"?>
<testsuite name="me.machinemaker.advancements.conditions.misc.NBTConditionTest" tests="2" skipped="0" failures="0" errors="0" timestamp="2022-10-30T08:46:05" hostname="Jakes-MBP.askey.com" time="0.025">
  <properties/>
  <testcase name="testAnyCondition()" classname="me.machinemaker.advancements.conditions.misc.NBTConditionTest" time="0.0"/>
  <testcase name="testCondition()" classname="me.machinemaker.advancements.conditions.misc.NBTConditionTest" time="0.025"/>
  <system-out><![CDATA[]]></system-out>
  <system-err><![CDATA[]]></system-err>
</testsuite>
