<?xml version="1.0" encoding="UTF-8"?>
<testsuite name="me.machinemaker.advancements.conditions.entity.EntityEquipmentConditionTest" tests="2" skipped="0" failures="0" errors="0" timestamp="2022-10-30T08:46:05" hostname="Jakes-MBP.askey.com" time="0.008">
  <properties/>
  <testcase name="testEntityEquipmentConditionTestSingle()" classname="me.machinemaker.advancements.conditions.entity.EntityEquipmentConditionTest" time="0.007"/>
  <testcase name="testEntityEquipmentConditionMultiple()" classname="me.machinemaker.advancements.conditions.entity.EntityEquipmentConditionTest" time="0.001"/>
  <system-out><![CDATA[]]></system-out>
  <system-err><![CDATA[]]></system-err>
</testsuite>
