<?xml version="1.0" encoding="UTF-8"?>
<testsuite name="me.machinemaker.advancements.conditions.entity.EntityFlagsConditionTest" tests="3" skipped="0" failures="0" errors="0" timestamp="2022-10-30T08:46:05" hostname="Jakes-MBP.askey.com" time="0.004">
  <properties/>
  <testcase name="testEntityFlagsConditionMultiple()" classname="me.machinemaker.advancements.conditions.entity.EntityFlagsConditionTest" time="0.003"/>
  <testcase name="testAnyEntityFlagsCondition()" classname="me.machinemaker.advancements.conditions.entity.EntityFlagsConditionTest" time="0.0"/>
  <testcase name="testEntityFlagsConditionSingle()" classname="me.machinemaker.advancements.conditions.entity.EntityFlagsConditionTest" time="0.0"/>
  <system-out><![CDATA[]]></system-out>
  <system-err><![CDATA[]]></system-err>
</testsuite>
