<?xml version="1.0" encoding="UTF-8"?>
<testsuite name="me.machinemaker.advancements.adapters.BaseTagAdapterTest" tests="8" skipped="0" failures="0" errors="0" timestamp="2022-03-18T20:38:38" hostname="Jakes-MBP.attlocal.net" time="0.029">
  <properties/>
  <testcase name="[1] class me.machinemaker.advancements.tags.BlockTag, [BlockTag[tag=Mock for Tag, hashCode: 2107105388], BlockTag[tag=Mock for Tag, hashCode: 1519611492]]" classname="me.machinemaker.advancements.adapters.BaseTagAdapterTest" time="0.015"/>
  <testcase name="[2] class me.machinemaker.advancements.tags.FluidTag, [FluidTag[tag=Mock for Tag, hashCode: 1079733621], FluidTag[tag=Mock for Tag, hashCode: 1747631271]]" classname="me.machinemaker.advancements.adapters.BaseTagAdapterTest" time="0.001"/>
  <testcase name="[3] class me.machinemaker.advancements.tags.ItemTag, [ItemTag[tag=Mock for Tag, hashCode: 1995997657], ItemTag[tag=Mock for Tag, hashCode: 1842571958]]" classname="me.machinemaker.advancements.adapters.BaseTagAdapterTest" time="0.0"/>
  <testcase name="[4] class me.machinemaker.advancements.tags.EntityTag, [EntityTag[tag=Mock for Tag, hashCode: 1628252344], EntityTag[tag=Mock for Tag, hashCode: 1405721353]]" classname="me.machinemaker.advancements.adapters.BaseTagAdapterTest" time="0.001"/>
  <testcase name="[1] class me.machinemaker.advancements.tags.BlockTag, [BlockTag[tag=Mock for Tag, hashCode: 2107105388], BlockTag[tag=Mock for Tag, hashCode: 1519611492]]" classname="me.machinemaker.advancements.adapters.BaseTagAdapterTest" time="0.004"/>
  <testcase name="[2] class me.machinemaker.advancements.tags.FluidTag, [FluidTag[tag=Mock for Tag, hashCode: 1079733621], FluidTag[tag=Mock for Tag, hashCode: 1747631271]]" classname="me.machinemaker.advancements.adapters.BaseTagAdapterTest" time="0.001"/>
  <testcase name="[3] class me.machinemaker.advancements.tags.ItemTag, [ItemTag[tag=Mock for Tag, hashCode: 1995997657], ItemTag[tag=Mock for Tag, hashCode: 1842571958]]" classname="me.machinemaker.advancements.adapters.BaseTagAdapterTest" time="0.0"/>
  <testcase name="[4] class me.machinemaker.advancements.tags.EntityTag, [EntityTag[tag=Mock for Tag, hashCode: 1628252344], EntityTag[tag=Mock for Tag, hashCode: 1405721353]]" classname="me.machinemaker.advancements.adapters.BaseTagAdapterTest" time="0.001"/>
  <system-out><![CDATA[]]></system-out>
  <system-err><![CDATA[Mar 18, 2022 1:38:38 PM org.bukkit.Bukkit setServer
INFO: This server is running DummyServer version DummyServer (Implementing API version DummyServer) (Git: null on null)
]]></system-err>
</testsuite>
